C:\Users\ADMIN\source\repos\WebApplication2\WebApplication2\ClientApp\dist\out-tsc\e2e\src\app.po.js
C:\Users\ADMIN\source\repos\WebApplication2\WebApplication2\ClientApp\dist\out-tsc\e2e\src\app.po.js.map
C:\Users\ADMIN\source\repos\WebApplication2\WebApplication2\ClientApp\dist\out-tsc\e2e\src\app.e2e-spec.js
C:\Users\ADMIN\source\repos\WebApplication2\WebApplication2\ClientApp\dist\out-tsc\e2e\src\app.e2e-spec.js.map
C:\Users\ADMIN\source\repos\WebApplication2\WebApplication2\ClientApp\dist\out-tsc\src\app\app-routing.module.js
C:\Users\ADMIN\source\repos\WebApplication2\WebApplication2\ClientApp\dist\out-tsc\src\app\app-routing.module.js.map
C:\Users\ADMIN\source\repos\WebApplication2\WebApplication2\ClientApp\dist\out-tsc\src\app\app.component.js
C:\Users\ADMIN\source\repos\WebApplication2\WebApplication2\ClientApp\dist\out-tsc\src\app\app.component.js.map
C:\Users\ADMIN\source\repos\WebApplication2\WebApplication2\ClientApp\dist\out-tsc\src\app\nav-menu\nav-menu.component.js
C:\Users\ADMIN\source\repos\WebApplication2\WebApplication2\ClientApp\dist\out-tsc\src\app\nav-menu\nav-menu.component.js.map
C:\Users\ADMIN\source\repos\WebApplication2\WebApplication2\ClientApp\dist\out-tsc\src\app\home\home.component.js
C:\Users\ADMIN\source\repos\WebApplication2\WebApplication2\ClientApp\dist\out-tsc\src\app\home\home.component.js.map
C:\Users\ADMIN\source\repos\WebApplication2\WebApplication2\ClientApp\dist\out-tsc\src\app\counter\counter.component.js
C:\Users\ADMIN\source\repos\WebApplication2\WebApplication2\ClientApp\dist\out-tsc\src\app\counter\counter.component.js.map
C:\Users\ADMIN\source\repos\WebApplication2\WebApplication2\ClientApp\dist\out-tsc\src\app\fetch-data\fetch-data.component.js
C:\Users\ADMIN\source\repos\WebApplication2\WebApplication2\ClientApp\dist\out-tsc\src\app\fetch-data\fetch-data.component.js.map
C:\Users\ADMIN\source\repos\WebApplication2\WebApplication2\ClientApp\dist\out-tsc\src\app\Object\Product.js
C:\Users\ADMIN\source\repos\WebApplication2\WebApplication2\ClientApp\dist\out-tsc\src\app\Object\Product.js.map
C:\Users\ADMIN\source\repos\WebApplication2\WebApplication2\ClientApp\dist\out-tsc\src\app\product\product.component.js
C:\Users\ADMIN\source\repos\WebApplication2\WebApplication2\ClientApp\dist\out-tsc\src\app\product\product.component.js.map
C:\Users\ADMIN\source\repos\WebApplication2\WebApplication2\ClientApp\dist\out-tsc\src\app\product\product-edit\product-edit.component.js
C:\Users\ADMIN\source\repos\WebApplication2\WebApplication2\ClientApp\dist\out-tsc\src\app\product\product-edit\product-edit.component.js.map
C:\Users\ADMIN\source\repos\WebApplication2\WebApplication2\ClientApp\dist\out-tsc\src\app\product\product-list.component.js
C:\Users\ADMIN\source\repos\WebApplication2\WebApplication2\ClientApp\dist\out-tsc\src\app\product\product-list.component.js.map
C:\Users\ADMIN\source\repos\WebApplication2\WebApplication2\ClientApp\dist\out-tsc\src\app\login\login.component.js
C:\Users\ADMIN\source\repos\WebApplication2\WebApplication2\ClientApp\dist\out-tsc\src\app\login\login.component.js.map
C:\Users\ADMIN\source\repos\WebApplication2\WebApplication2\ClientApp\dist\out-tsc\src\app\Object\Account.js
C:\Users\ADMIN\source\repos\WebApplication2\WebApplication2\ClientApp\dist\out-tsc\src\app\Object\Account.js.map
C:\Users\ADMIN\source\repos\WebApplication2\WebApplication2\ClientApp\dist\out-tsc\src\app\service\account.service.js
C:\Users\ADMIN\source\repos\WebApplication2\WebApplication2\ClientApp\dist\out-tsc\src\app\service\account.service.js.map
C:\Users\ADMIN\source\repos\WebApplication2\WebApplication2\ClientApp\dist\out-tsc\src\app\account\account.component.js
C:\Users\ADMIN\source\repos\WebApplication2\WebApplication2\ClientApp\dist\out-tsc\src\app\account\account.component.js.map
C:\Users\ADMIN\source\repos\WebApplication2\WebApplication2\ClientApp\dist\out-tsc\src\app\pipe\search-product.pipe.js
C:\Users\ADMIN\source\repos\WebApplication2\WebApplication2\ClientApp\dist\out-tsc\src\app\pipe\search-product.pipe.js.map
C:\Users\ADMIN\source\repos\WebApplication2\WebApplication2\ClientApp\dist\out-tsc\src\app\pipe\phone.pipe.js
C:\Users\ADMIN\source\repos\WebApplication2\WebApplication2\ClientApp\dist\out-tsc\src\app\pipe\phone.pipe.js.map
C:\Users\ADMIN\source\repos\WebApplication2\WebApplication2\ClientApp\dist\out-tsc\src\app\app.module.js
C:\Users\ADMIN\source\repos\WebApplication2\WebApplication2\ClientApp\dist\out-tsc\src\app\app.module.js.map
C:\Users\ADMIN\source\repos\WebApplication2\WebApplication2\ClientApp\dist\out-tsc\src\environments\environment.js
C:\Users\ADMIN\source\repos\WebApplication2\WebApplication2\ClientApp\dist\out-tsc\src\environments\environment.js.map
C:\Users\ADMIN\source\repos\WebApplication2\WebApplication2\ClientApp\dist\out-tsc\src\main.js
C:\Users\ADMIN\source\repos\WebApplication2\WebApplication2\ClientApp\dist\out-tsc\src\main.js.map
C:\Users\ADMIN\source\repos\WebApplication2\WebApplication2\ClientApp\dist\out-tsc\src\polyfills.js
C:\Users\ADMIN\source\repos\WebApplication2\WebApplication2\ClientApp\dist\out-tsc\src\polyfills.js.map
C:\Users\ADMIN\source\repos\WebApplication2\WebApplication2\ClientApp\dist\out-tsc\src\test.js
C:\Users\ADMIN\source\repos\WebApplication2\WebApplication2\ClientApp\dist\out-tsc\src\test.js.map
C:\Users\ADMIN\source\repos\WebApplication2\WebApplication2\ClientApp\dist\out-tsc\src\app\app.component.spec.js
C:\Users\ADMIN\source\repos\WebApplication2\WebApplication2\ClientApp\dist\out-tsc\src\app\app.component.spec.js.map
C:\Users\ADMIN\source\repos\WebApplication2\WebApplication2\ClientApp\dist\out-tsc\src\app\account\account.component.spec.js
C:\Users\ADMIN\source\repos\WebApplication2\WebApplication2\ClientApp\dist\out-tsc\src\app\account\account.component.spec.js.map
C:\Users\ADMIN\source\repos\WebApplication2\WebApplication2\ClientApp\dist\out-tsc\src\app\counter\counter.component.spec.js
C:\Users\ADMIN\source\repos\WebApplication2\WebApplication2\ClientApp\dist\out-tsc\src\app\counter\counter.component.spec.js.map
C:\Users\ADMIN\source\repos\WebApplication2\WebApplication2\ClientApp\dist\out-tsc\src\app\login\login.component.spec.js
C:\Users\ADMIN\source\repos\WebApplication2\WebApplication2\ClientApp\dist\out-tsc\src\app\login\login.component.spec.js.map
C:\Users\ADMIN\source\repos\WebApplication2\WebApplication2\ClientApp\dist\out-tsc\src\app\pipe\phone.pipe.spec.js
C:\Users\ADMIN\source\repos\WebApplication2\WebApplication2\ClientApp\dist\out-tsc\src\app\pipe\phone.pipe.spec.js.map
C:\Users\ADMIN\source\repos\WebApplication2\WebApplication2\ClientApp\dist\out-tsc\src\app\pipe\search-product.pipe.spec.js
C:\Users\ADMIN\source\repos\WebApplication2\WebApplication2\ClientApp\dist\out-tsc\src\app\pipe\search-product.pipe.spec.js.map
C:\Users\ADMIN\source\repos\WebApplication2\WebApplication2\ClientApp\dist\out-tsc\src\app\product\product.component.spec.js
C:\Users\ADMIN\source\repos\WebApplication2\WebApplication2\ClientApp\dist\out-tsc\src\app\product\product.component.spec.js.map
C:\Users\ADMIN\source\repos\WebApplication2\WebApplication2\ClientApp\dist\out-tsc\src\app\product\product-edit\product-edit.component.spec.js
C:\Users\ADMIN\source\repos\WebApplication2\WebApplication2\ClientApp\dist\out-tsc\src\app\product\product-edit\product-edit.component.spec.js.map
C:\Users\ADMIN\source\repos\WebApplication2\WebApplication2\ClientApp\dist\out-tsc\src\app\service\account.service.spec.js
C:\Users\ADMIN\source\repos\WebApplication2\WebApplication2\ClientApp\dist\out-tsc\src\app\service\account.service.spec.js.map
C:\Users\ADMIN\source\repos\WebApplication2\WebApplication2\ClientApp\dist\out-tsc\src\environments\environment.prod.js
C:\Users\ADMIN\source\repos\WebApplication2\WebApplication2\ClientApp\dist\out-tsc\src\environments\environment.prod.js.map
