C:\Users\ADMIN\source\repos\WebApplication2\WebApplication2\ClientAppOld\dist\out-tsc\e2e\app.po.js
C:\Users\ADMIN\source\repos\WebApplication2\WebApplication2\ClientAppOld\dist\out-tsc\e2e\app.po.js.map
C:\Users\ADMIN\source\repos\WebApplication2\WebApplication2\ClientAppOld\dist\out-tsc\e2e\app.e2e-spec.js
C:\Users\ADMIN\source\repos\WebApplication2\WebApplication2\ClientAppOld\dist\out-tsc\e2e\app.e2e-spec.js.map
C:\Users\ADMIN\source\repos\WebApplication2\WebApplication2\ClientAppOld\dist\out-tsc\src\app\app.component.js
C:\Users\ADMIN\source\repos\WebApplication2\WebApplication2\ClientAppOld\dist\out-tsc\src\app\app.component.js.map
C:\Users\ADMIN\source\repos\WebApplication2\WebApplication2\ClientAppOld\dist\out-tsc\src\app\nav-menu\nav-menu.component.js
C:\Users\ADMIN\source\repos\WebApplication2\WebApplication2\ClientAppOld\dist\out-tsc\src\app\nav-menu\nav-menu.component.js.map
C:\Users\ADMIN\source\repos\WebApplication2\WebApplication2\ClientAppOld\dist\out-tsc\src\app\home\home.component.js
C:\Users\ADMIN\source\repos\WebApplication2\WebApplication2\ClientAppOld\dist\out-tsc\src\app\home\home.component.js.map
C:\Users\ADMIN\source\repos\WebApplication2\WebApplication2\ClientAppOld\dist\out-tsc\src\app\counter\counter.component.js
C:\Users\ADMIN\source\repos\WebApplication2\WebApplication2\ClientAppOld\dist\out-tsc\src\app\counter\counter.component.js.map
C:\Users\ADMIN\source\repos\WebApplication2\WebApplication2\ClientAppOld\dist\out-tsc\src\app\fetch-data\fetch-data.component.js
C:\Users\ADMIN\source\repos\WebApplication2\WebApplication2\ClientAppOld\dist\out-tsc\src\app\fetch-data\fetch-data.component.js.map
C:\Users\ADMIN\source\repos\WebApplication2\WebApplication2\ClientAppOld\dist\out-tsc\src\app\Object\Product.js
C:\Users\ADMIN\source\repos\WebApplication2\WebApplication2\ClientAppOld\dist\out-tsc\src\app\Object\Product.js.map
C:\Users\ADMIN\source\repos\WebApplication2\WebApplication2\ClientAppOld\dist\out-tsc\src\app\product\product.component.js
C:\Users\ADMIN\source\repos\WebApplication2\WebApplication2\ClientAppOld\dist\out-tsc\src\app\product\product.component.js.map
C:\Users\ADMIN\source\repos\WebApplication2\WebApplication2\ClientAppOld\dist\out-tsc\src\app\myfilter.pipe.js
C:\Users\ADMIN\source\repos\WebApplication2\WebApplication2\ClientAppOld\dist\out-tsc\src\app\myfilter.pipe.js.map
C:\Users\ADMIN\source\repos\WebApplication2\WebApplication2\ClientAppOld\dist\out-tsc\src\app\app.module.js
C:\Users\ADMIN\source\repos\WebApplication2\WebApplication2\ClientAppOld\dist\out-tsc\src\app\app.module.js.map
C:\Users\ADMIN\source\repos\WebApplication2\WebApplication2\ClientAppOld\dist\out-tsc\src\environments\environment.js
C:\Users\ADMIN\source\repos\WebApplication2\WebApplication2\ClientAppOld\dist\out-tsc\src\environments\environment.js.map
C:\Users\ADMIN\source\repos\WebApplication2\WebApplication2\ClientAppOld\dist\out-tsc\src\main.js
C:\Users\ADMIN\source\repos\WebApplication2\WebApplication2\ClientAppOld\dist\out-tsc\src\main.js.map
C:\Users\ADMIN\source\repos\WebApplication2\WebApplication2\ClientAppOld\dist\out-tsc\src\polyfills.js
C:\Users\ADMIN\source\repos\WebApplication2\WebApplication2\ClientAppOld\dist\out-tsc\src\polyfills.js.map
C:\Users\ADMIN\source\repos\WebApplication2\WebApplication2\ClientAppOld\dist\out-tsc\src\test.js
C:\Users\ADMIN\source\repos\WebApplication2\WebApplication2\ClientAppOld\dist\out-tsc\src\test.js.map
C:\Users\ADMIN\source\repos\WebApplication2\WebApplication2\ClientAppOld\dist\out-tsc\src\app\myfilter.pipe.spec.js
C:\Users\ADMIN\source\repos\WebApplication2\WebApplication2\ClientAppOld\dist\out-tsc\src\app\myfilter.pipe.spec.js.map
C:\Users\ADMIN\source\repos\WebApplication2\WebApplication2\ClientAppOld\dist\out-tsc\src\app\counter\counter.component.spec.js
C:\Users\ADMIN\source\repos\WebApplication2\WebApplication2\ClientAppOld\dist\out-tsc\src\app\counter\counter.component.spec.js.map
C:\Users\ADMIN\source\repos\WebApplication2\WebApplication2\ClientAppOld\dist\out-tsc\src\app\product\product.component.spec.js
C:\Users\ADMIN\source\repos\WebApplication2\WebApplication2\ClientAppOld\dist\out-tsc\src\app\product\product.component.spec.js.map
C:\Users\ADMIN\source\repos\WebApplication2\WebApplication2\ClientAppOld\dist\out-tsc\src\environments\environment.prod.js
C:\Users\ADMIN\source\repos\WebApplication2\WebApplication2\ClientAppOld\dist\out-tsc\src\environments\environment.prod.js.map
